[2023-08-07T12:13:14.708Z] undefined [32minfo[39m: Logged In Successfully
[2023-08-07T12:13:46.519Z] undefined [32minfo[39m: Fetched All Employees Successfully
[2023-08-07T12:14:21.485Z] undefined [32minfo[39m: Fetched Employee by ID Successfully
[2023-08-07T13:25:04.208Z] undefined [32minfo[39m: Logged In Successfully
[2023-08-07T13:25:24.206Z] undefined [32minfo[39m: Fetched All Employees Successfully
[2023-08-07T13:27:10.338Z] undefined [32minfo[39m: Added Employee Successfully
[2023-08-07T13:27:26.622Z] undefined [32minfo[39m: Fetched All Employees Successfully
[2023-08-07T13:29:00.241Z] undefined [32minfo[39m: Logged In Successfully
[2023-08-07T13:29:55.977Z] undefined [32minfo[39m: Updated Employee Successfully
[2023-08-07T13:31:00.716Z] undefined [32minfo[39m: Fetched All Employees Successfully
[2023-08-16T10:29:44.161Z] undefined [32minfo[39m: Added Employee Successfully
[2023-08-16T10:31:08.610Z] undefined [32minfo[39m: Logged In Successfully
[2023-08-16T10:31:28.993Z] undefined [32minfo[39m: Fetched All Employees Successfully
[2023-08-16T10:33:17.767Z] undefined [32minfo[39m: Fetched All Employees Successfully
[2023-08-16T10:35:10.961Z] undefined [32minfo[39m: Added Employee Successfully
[2023-08-16T10:35:18.255Z] undefined [32minfo[39m: Fetched All Employees Successfully
[2023-08-16T10:36:21.998Z] undefined [32minfo[39m: Logged In Successfully
[2023-08-16T10:37:10.161Z] undefined [32minfo[39m: Fetched All Employees Successfully
[2023-08-16T10:43:15.884Z] undefined [32minfo[39m: Fetched Employee by ID Successfully
[2023-08-16T11:37:01.037Z] undefined [32minfo[39m: Logged In Successfully
[2023-08-16T11:37:37.941Z] undefined [32minfo[39m: Logged In Successfully
[2023-08-16T11:52:38.608Z] undefined [32minfo[39m: Logged In Successfully
[2023-08-16T12:10:43.955Z] undefined [32minfo[39m: Logged In Successfully
[2023-08-16T12:12:26.510Z] undefined [32minfo[39m: Logged In Successfully
[2023-08-16T12:13:28.985Z] undefined [32minfo[39m: Logged In Successfully
[2023-08-16T12:13:32.047Z] undefined [32minfo[39m: Logged In Successfully
[2023-08-16T12:19:02.487Z] undefined [32minfo[39m: Logged In Successfully
[2023-08-16T12:19:12.996Z] undefined [32minfo[39m: Logged In Successfully
[2023-08-16T12:25:36.770Z] undefined [32minfo[39m: Logged In Successfully
[2023-08-16T12:25:44.646Z] undefined [32minfo[39m: Fetched All Employees Successfully
[2023-08-16T12:26:15.357Z] undefined [32minfo[39m: Fetched All Employees Successfully
[2023-08-16T12:26:15.467Z] undefined [32minfo[39m: Fetched All Employees Successfully
[2023-08-16T12:26:52.995Z] undefined [32minfo[39m: Fetched All Employees Successfully
[2023-08-16T12:26:53.862Z] undefined [32minfo[39m: Fetched All Employees Successfully
[2023-08-16T12:26:59.291Z] undefined [32minfo[39m: Fetched All Employees Successfully
[2023-08-16T12:27:12.417Z] undefined [32minfo[39m: Fetched All Employees Successfully
[2023-08-16T12:27:45.532Z] undefined [32minfo[39m: Fetched All Employees Successfully
[2023-08-16T12:28:12.384Z] undefined [32minfo[39m: Fetched All Employees Successfully
[2023-08-16T12:29:13.934Z] undefined [32minfo[39m: Fetched All Employees Successfully
[2023-08-16T12:35:38.735Z] undefined [32minfo[39m: Fetched All Employees Successfully
[2023-08-16T12:35:45.939Z] undefined [32minfo[39m: Fetched All Employees Successfully
[2023-08-16T12:45:31.845Z] undefined [32minfo[39m: Fetched Employee by ID Successfully
[2023-08-16T12:45:31.885Z] undefined [32minfo[39m: Fetched Employee by ID Successfully
[2023-08-16T12:45:32.197Z] undefined [32minfo[39m: Fetched Employee by ID Successfully
[2023-08-16T12:45:34.937Z] undefined [32minfo[39m: Fetched All Employees Successfully
[2023-08-16T12:45:35.937Z] undefined [32minfo[39m: Fetched All Employees Successfully
[2023-08-16T12:45:39.618Z] undefined [32minfo[39m: Fetched Employee by ID Successfully
[2023-08-16T12:47:39.335Z] undefined [32minfo[39m: Fetched Employee by ID Successfully
[2023-08-16T12:55:40.169Z] undefined [32minfo[39m: Fetched All Employees Successfully
[2023-08-16T12:56:06.279Z] undefined [32minfo[39m: Fetched All Employees Successfully
[2023-08-16T12:59:49.115Z] undefined [32minfo[39m: Fetched All Employees Successfully
[2023-08-16T12:59:53.291Z] undefined [32minfo[39m: Fetched All Employees Successfully
[2023-08-17T04:29:09.421Z] undefined [32minfo[39m: Logged In Successfully
[2023-08-17T04:29:28.005Z] undefined [32minfo[39m: Fetched All Employees Successfully
[2023-08-17T04:30:17.107Z] undefined [32minfo[39m: Fetched All Employees Successfully
[2023-08-17T04:30:18.192Z] undefined [32minfo[39m: Fetched All Employees Successfully
[2023-08-17T04:30:30.018Z] undefined [32minfo[39m: Fetched All Employees Successfully
[2023-08-17T04:31:49.489Z] undefined [32minfo[39m: Fetched All Employees Successfully
[2023-08-17T04:31:49.571Z] undefined [32minfo[39m: Logged In Successfully
[2023-08-17T04:31:56.960Z] undefined [32minfo[39m: Fetched All Employees Successfully
[2023-08-17T04:33:32.971Z] undefined [32minfo[39m: Fetched All Employees Successfully
[2023-08-17T04:33:33.050Z] undefined [32minfo[39m: Logged In Successfully
[2023-08-17T04:36:50.261Z] undefined [32minfo[39m: Fetched All Employees Successfully
[2023-08-17T04:36:50.343Z] undefined [32minfo[39m: Logged In Successfully
[2023-08-17T04:37:30.102Z] undefined [32minfo[39m: Fetched All Employees Successfully
[2023-08-17T04:38:58.872Z] undefined [32minfo[39m: Fetched All Employees Successfully
[2023-08-17T04:39:08.663Z] undefined [32minfo[39m: Fetched All Employees Successfully
[2023-08-17T04:41:10.435Z] undefined [32minfo[39m: Fetched All Employees Successfully
[2023-08-17T04:41:39.689Z] undefined [32minfo[39m: Fetched All Employees Successfully
[2023-08-17T04:42:55.558Z] undefined [32minfo[39m: Fetched Employee by ID Successfully
[2023-08-17T04:43:01.756Z] undefined [32minfo[39m: Fetched Employee by ID Successfully
[2023-08-17T04:43:08.450Z] undefined [32minfo[39m: Fetched All Employees Successfully
[2023-08-17T04:43:14.409Z] undefined [32minfo[39m: Fetched Employee by ID Successfully
[2023-08-17T04:43:54.855Z] undefined [32minfo[39m: Fetched Employee by ID Successfully
[2023-08-17T04:44:11.458Z] undefined [32minfo[39m: Fetched All Employees Successfully
[2023-08-17T04:44:47.037Z] undefined [32minfo[39m: Fetched Employee by ID Successfully
[2023-08-17T04:44:49.277Z] undefined [32minfo[39m: Fetched Employee by ID Successfully
[2023-08-17T04:44:51.343Z] undefined [32minfo[39m: Fetched Employee by ID Successfully
[2023-08-17T04:44:52.433Z] undefined [32minfo[39m: Fetched Employee by ID Successfully
[2023-08-17T04:44:54.442Z] undefined [32minfo[39m: Fetched Employee by ID Successfully
[2023-08-17T04:45:09.472Z] undefined [32minfo[39m: Fetched Employee by ID Successfully
[2023-08-17T04:45:10.951Z] undefined [32minfo[39m: Fetched All Employees Successfully
[2023-08-17T04:45:12.402Z] undefined [32minfo[39m: Fetched Employee by ID Successfully
[2023-08-17T04:45:13.580Z] undefined [32minfo[39m: Fetched All Employees Successfully
[2023-08-17T04:45:14.361Z] undefined [32minfo[39m: Fetched Employee by ID Successfully
[2023-08-17T04:46:27.986Z] undefined [32minfo[39m: Fetched Employee by ID Successfully
[2023-08-17T04:46:49.465Z] undefined [32minfo[39m: Fetched All Employees Successfully
[2023-08-17T04:47:00.370Z] undefined [32minfo[39m: Fetched Employee by ID Successfully
[2023-08-17T04:48:07.213Z] undefined [32minfo[39m: Logged In Successfully
[2023-08-17T04:48:25.804Z] undefined [32minfo[39m: Logged In Successfully
[2023-08-17T04:48:38.269Z] undefined [32minfo[39m: Fetched All Employees Successfully
[2023-08-17T04:48:49.768Z] undefined [32minfo[39m: Fetched Employee by ID Successfully
[2023-08-17T04:49:40.171Z] undefined [32minfo[39m: Fetched Employee by ID Successfully
[2023-08-17T04:49:43.220Z] undefined [32minfo[39m: Fetched Employee by ID Successfully
[2023-08-17T04:49:44.600Z] undefined [32minfo[39m: Fetched Employee by ID Successfully
[2023-08-17T04:49:50.884Z] undefined [32minfo[39m: Fetched All Employees Successfully
[2023-08-17T04:49:51.760Z] undefined [32minfo[39m: Fetched Employee by ID Successfully
[2023-08-17T04:49:53.497Z] undefined [32minfo[39m: Fetched All Employees Successfully
[2023-08-17T04:49:54.500Z] undefined [32minfo[39m: Fetched Employee by ID Successfully
[2023-08-17T04:49:56.211Z] undefined [32minfo[39m: Fetched All Employees Successfully
[2023-08-17T04:49:57.214Z] undefined [32minfo[39m: Fetched Employee by ID Successfully
[2023-08-17T04:49:58.799Z] undefined [32minfo[39m: Fetched All Employees Successfully
[2023-08-17T04:54:47.251Z] undefined [32minfo[39m: Fetched All Employees Successfully
[2023-08-17T04:54:47.324Z] undefined [32minfo[39m: Logged In Successfully
[2023-08-17T04:54:49.264Z] undefined [32minfo[39m: Fetched Employee by ID Successfully
[2023-08-17T04:54:51.546Z] undefined [32minfo[39m: Fetched All Employees Successfully
[2023-08-17T04:54:52.621Z] undefined [32minfo[39m: Fetched Employee by ID Successfully
[2023-08-17T04:54:54.403Z] undefined [32minfo[39m: Fetched All Employees Successfully
[2023-08-17T04:56:26.111Z] undefined [32minfo[39m: Fetched All Employees Successfully
[2023-08-17T04:57:51.980Z] undefined [32minfo[39m: Updated Employee Successfully
[2023-08-17T04:58:31.062Z] undefined [32minfo[39m: Updated Employee Successfully
[2023-08-17T04:58:39.465Z] undefined [32minfo[39m: Fetched All Employees Successfully
[2023-08-17T04:58:44.947Z] undefined [32minfo[39m: Fetched All Employees Successfully
[2023-08-17T05:00:53.349Z] undefined [32minfo[39m: Added Employee Successfully
[2023-08-17T05:01:17.061Z] undefined [32minfo[39m: Fetched All Employees Successfully
[2023-08-17T05:01:17.134Z] undefined [32minfo[39m: Logged In Successfully
[2023-08-17T05:01:29.521Z] undefined [32minfo[39m: Fetched Employee by ID Successfully
[2023-08-17T05:01:32.080Z] undefined [32minfo[39m: Fetched All Employees Successfully
[2023-08-17T05:01:34.426Z] undefined [32minfo[39m: Fetched Employee by ID Successfully
[2023-08-17T05:01:36.181Z] undefined [32minfo[39m: Fetched All Employees Successfully
[2023-08-17T05:01:38.285Z] undefined [32minfo[39m: Fetched Employee by ID Successfully
[2023-08-17T05:01:43.487Z] undefined [32minfo[39m: Fetched All Employees Successfully
[2023-08-17T05:20:04.481Z] undefined [32minfo[39m: Fetched All Employees Successfully
[2023-08-17T05:20:05.401Z] undefined [32minfo[39m: Fetched Employee by ID Successfully
[2023-08-17T05:20:54.741Z] undefined [32minfo[39m: Fetched All Employees Successfully
[2023-08-17T05:31:27.934Z] undefined [32minfo[39m: Logged In Successfully
[2023-08-17T05:32:09.622Z] undefined [32minfo[39m: Logged In Successfully
[2023-08-17T05:32:34.365Z] undefined [32minfo[39m: Logged In Successfully
[2023-08-17T05:33:20.601Z] undefined [32minfo[39m: Logged In Successfully
[2023-08-17T05:33:36.065Z] undefined [32minfo[39m: Logged In Successfully
[2023-08-17T05:34:48.432Z] undefined [32minfo[39m: Logged In Successfully
[2023-08-17T05:36:17.194Z] undefined [32minfo[39m: Logged In Successfully
[2023-08-17T05:37:49.866Z] undefined [32minfo[39m: Logged In Successfully
[2023-08-17T05:38:22.196Z] undefined [32minfo[39m: Logged In Successfully
[2023-08-17T05:39:52.582Z] undefined [32minfo[39m: Logged In Successfully
[2023-08-17T05:40:22.014Z] undefined [32minfo[39m: Logged In Successfully
[2023-08-17T05:42:40.514Z] undefined [32minfo[39m: Logged In Successfully
[2023-08-17T05:43:59.713Z] undefined [32minfo[39m: Logged In Successfully
[2023-08-17T05:44:49.657Z] undefined [32minfo[39m: Logged In Successfully
[2023-08-17T05:44:54.204Z] undefined [32minfo[39m: Fetched All Employees Successfully
[2023-08-17T05:45:35.456Z] undefined [32minfo[39m: Logged In Successfully
[2023-08-17T05:45:35.493Z] undefined [32minfo[39m: Fetched All Employees Successfully
[2023-08-17T05:45:46.455Z] undefined [32minfo[39m: Fetched Employee by ID Successfully
[2023-08-17T05:45:47.905Z] undefined [32minfo[39m: Fetched All Employees Successfully
[2023-08-17T05:46:00.775Z] undefined [32minfo[39m: Logged In Successfully
[2023-08-17T05:46:00.813Z] undefined [32minfo[39m: Fetched All Employees Successfully
[2023-08-17T05:47:00.479Z] undefined [32minfo[39m: Fetched All Employees Successfully
[2023-08-17T05:47:57.087Z] undefined [32minfo[39m: Fetched All Employees Successfully
[2023-08-17T05:47:58.906Z] undefined [32minfo[39m: Fetched All Employees Successfully
[2023-08-17T05:48:02.169Z] undefined [32minfo[39m: Fetched Employee by ID Successfully
[2023-08-17T05:48:03.651Z] undefined [32minfo[39m: Fetched All Employees Successfully
[2023-08-17T05:48:08.045Z] undefined [32minfo[39m: Fetched All Employees Successfully
[2023-08-17T05:48:53.892Z] undefined [32minfo[39m: Fetched All Employees Successfully
[2023-08-17T05:49:11.505Z] undefined [32minfo[39m: Logged In Successfully
[2023-08-17T05:49:11.536Z] undefined [32minfo[39m: Fetched All Employees Successfully
[2023-08-17T05:49:21.661Z] undefined [32minfo[39m: Fetched All Employees Successfully
[2023-08-17T05:49:22.591Z] undefined [32minfo[39m: Fetched Employee by ID Successfully
[2023-08-17T05:49:25.032Z] undefined [32minfo[39m: Fetched All Employees Successfully
[2023-08-17T05:51:42.679Z] undefined [32minfo[39m: Fetched All Employees Successfully
[2023-08-17T05:51:44.365Z] undefined [32minfo[39m: Fetched Employee by ID Successfully
[2023-08-17T05:51:46.447Z] undefined [32minfo[39m: Fetched All Employees Successfully
[2023-08-17T05:51:51.225Z] undefined [32minfo[39m: Fetched All Employees Successfully
[2023-08-17T05:51:55.475Z] undefined [32minfo[39m: Fetched All Employees Successfully
[2023-08-17T05:51:56.850Z] undefined [32minfo[39m: Fetched All Employees Successfully
[2023-08-17T05:52:00.971Z] undefined [32minfo[39m: Fetched All Employees Successfully
[2023-08-17T05:52:04.387Z] undefined [32minfo[39m: Fetched All Employees Successfully
[2023-08-17T05:52:07.962Z] undefined [32minfo[39m: Fetched All Employees Successfully
[2023-08-17T05:53:31.790Z] undefined [32minfo[39m: Fetched All Employees Successfully
[2023-08-17T05:53:35.046Z] undefined [32minfo[39m: Fetched All Employees Successfully
[2023-08-17T05:54:03.221Z] undefined [32minfo[39m: Fetched All Employees Successfully
[2023-08-17T05:54:08.729Z] undefined [32minfo[39m: Fetched All Employees Successfully
[2023-08-17T05:54:09.945Z] undefined [32minfo[39m: Fetched All Employees Successfully
[2023-08-17T05:54:41.106Z] undefined [32minfo[39m: Fetched All Employees Successfully
[2023-08-17T06:11:49.693Z] undefined [32minfo[39m: Fetched All Employees Successfully
[2023-08-17T06:12:00.226Z] undefined [32minfo[39m: Fetched All Employees Successfully
[2023-08-17T06:12:02.191Z] undefined [32minfo[39m: Fetched All Employees Successfully
[2023-08-17T06:12:06.864Z] undefined [32minfo[39m: Fetched All Employees Successfully
[2023-08-17T06:12:19.747Z] undefined [32minfo[39m: Fetched All Employees Successfully
[2023-08-17T06:26:12.440Z] undefined [32minfo[39m: Fetched All Employees Successfully
[2023-08-17T06:26:15.148Z] undefined [32minfo[39m: Fetched All Employees Successfully
[2023-08-17T06:26:42.650Z] undefined [32minfo[39m: Logged In Successfully
[2023-08-17T06:26:54.637Z] undefined [32minfo[39m: Fetched All Employees Successfully
[2023-08-17T08:04:39.277Z] undefined [32minfo[39m: Logged In Successfully
[2023-08-17T08:04:53.057Z] undefined [32minfo[39m: Fetched All Employees Successfully
[2023-08-17T08:05:18.508Z] undefined [32minfo[39m: Fetched Employee by ID Successfully
[2023-08-17T08:07:02.956Z] undefined [32minfo[39m: Fetched All Employees Successfully
[2023-08-17T08:25:17.565Z] undefined [32minfo[39m: Logged In Successfully
[2023-08-17T08:30:16.071Z] undefined [32minfo[39m: Logged In Successfully
[2023-08-17T08:30:16.104Z] undefined [32minfo[39m: Fetched All Employees Successfully
[2023-08-17T08:30:22.281Z] undefined [32minfo[39m: Fetched All Employees Successfully
[2023-08-17T08:30:24.740Z] undefined [32minfo[39m: Fetched All Employees Successfully
[2023-08-17T08:32:03.914Z] undefined [32minfo[39m: Added Employee Successfully
[2023-08-17T08:42:47.777Z] undefined [32minfo[39m: Fetched All Employees Successfully
[2023-08-17T08:42:48.879Z] undefined [32minfo[39m: Fetched All Employees Successfully
[2023-08-17T08:42:49.533Z] undefined [32minfo[39m: Fetched Employee by ID Successfully
[2023-08-17T08:42:52.514Z] undefined [32minfo[39m: Fetched All Employees Successfully
[2023-08-17T08:44:04.660Z] undefined [32minfo[39m: Fetched All Employees Successfully
[2023-08-17T08:44:06.397Z] undefined [32minfo[39m: Fetched All Employees Successfully
[2023-08-17T08:51:41.118Z] undefined [32minfo[39m: Fetched All Employees Successfully
[2023-08-17T08:51:42.731Z] undefined [32minfo[39m: Fetched Employee by ID Successfully
[2023-08-17T08:51:45.685Z] undefined [32minfo[39m: Fetched All Employees Successfully
[2023-08-17T09:10:07.735Z] undefined [32minfo[39m: Fetched All Employees Successfully
[2023-08-17T09:10:59.900Z] undefined [32minfo[39m: Fetched All Employees Successfully
[2023-08-17T09:11:01.345Z] undefined [32minfo[39m: Fetched All Employees Successfully
[2023-08-17T09:14:16.395Z] undefined [32minfo[39m: Logged In Successfully
[2023-08-17T09:15:52.943Z] undefined [32minfo[39m: Logged In Successfully
[2023-08-17T09:20:08.511Z] undefined [32minfo[39m: Logged In Successfully
[2023-08-17T09:20:24.354Z] undefined [32minfo[39m: Fetched All Employees Successfully
[2023-08-17T09:20:33.710Z] undefined [32minfo[39m: Fetched Employee by ID Successfully
[2023-08-17T09:21:21.132Z] undefined [32minfo[39m: Added Employee Successfully
[2023-08-17T09:22:48.232Z] undefined [32minfo[39m: Fetched All Employees Successfully
[2023-08-17T09:22:50.192Z] undefined [32minfo[39m: Fetched All Employees Successfully
[2023-08-17T09:26:39.953Z] undefined [32minfo[39m: Fetched All Employees Successfully
[2023-08-17T09:27:54.700Z] undefined [32minfo[39m: Fetched All Employees Successfully
[2023-08-17T09:48:58.756Z] undefined [32minfo[39m: Logged In Successfully
[2023-08-17T09:48:58.785Z] undefined [32minfo[39m: Fetched All Employees Successfully
[2023-08-17T09:49:22.203Z] undefined [32minfo[39m: Fetched All Employees Successfully
[2023-08-17T09:53:38.090Z] undefined [32minfo[39m: Fetched All Employees Successfully
[2023-08-17T09:54:42.508Z] undefined [32minfo[39m: Fetched All Employees Successfully
[2023-08-17T09:55:01.004Z] undefined [32minfo[39m: Fetched All Employees Successfully
[2023-08-17T09:58:51.569Z] undefined [32minfo[39m: Fetched All Employees Successfully
[2023-08-17T10:16:35.214Z] undefined [32minfo[39m: Fetched All Employees Successfully
[2023-08-17T10:20:21.341Z] undefined [32minfo[39m: Fetched All Employees Successfully
[2023-08-17T10:20:23.139Z] undefined [32minfo[39m: Fetched All Employees Successfully
[2023-08-17T10:20:56.545Z] undefined [32minfo[39m: Fetched All Employees Successfully
[2023-08-17T10:20:58.111Z] undefined [32minfo[39m: Fetched All Employees Successfully
[2023-08-17T10:21:44.248Z] undefined [32minfo[39m: Fetched All Employees Successfully
[2023-08-17T10:21:46.258Z] undefined [32minfo[39m: Fetched All Employees Successfully
[2023-08-17T10:21:51.439Z] undefined [32minfo[39m: Fetched All Employees Successfully
[2023-08-17T10:22:31.183Z] undefined [32minfo[39m: Fetched All Employees Successfully
[2023-08-17T10:25:28.935Z] undefined [32minfo[39m: Logged In Successfully
[2023-08-17T10:25:53.787Z] undefined [32minfo[39m: Added Employee Successfully
[2023-08-17T10:26:36.248Z] undefined [32minfo[39m: Fetched All Employees Successfully
[2023-08-17T10:26:39.973Z] undefined [32minfo[39m: Fetched All Employees Successfully
[2023-08-17T10:30:27.253Z] undefined [32minfo[39m: Fetched All Employees Successfully
[2023-08-17T10:39:53.999Z] undefined [32minfo[39m: Fetched All Employees Successfully
[2023-08-17T10:39:58.498Z] undefined [32minfo[39m: Fetched Employee by ID Successfully
[2023-08-17T10:40:01.145Z] undefined [32minfo[39m: Fetched All Employees Successfully
[2023-08-17T10:42:56.272Z] undefined [32minfo[39m: Fetched All Employees Successfully
[2023-08-17T10:43:02.122Z] undefined [32minfo[39m: Fetched All Employees Successfully
[2023-08-17T10:44:32.808Z] undefined [32minfo[39m: Fetched All Employees Successfully
[2023-08-17T10:49:21.875Z] undefined [32minfo[39m: Logged In Successfully
[2023-08-17T10:49:21.902Z] undefined [32minfo[39m: Fetched All Employees Successfully
[2023-08-17T10:49:38.483Z] undefined [32minfo[39m: Fetched All Employees Successfully
[2023-08-17T10:49:39.897Z] undefined [32minfo[39m: Fetched All Employees Successfully
[2023-08-17T10:53:13.190Z] undefined [32minfo[39m: Added Employee Successfully
[2023-08-17T10:53:14.167Z] undefined [32minfo[39m: Fetched All Employees Successfully
[2023-08-17T10:56:53.454Z] undefined [32minfo[39m: Fetched All Employees Successfully
[2023-08-17T10:57:09.586Z] undefined [32minfo[39m: Fetched Employee by ID Successfully
[2023-08-17T10:57:13.106Z] undefined [32minfo[39m: Fetched All Employees Successfully
[2023-08-17T11:00:22.259Z] undefined [32minfo[39m: Fetched All Employees Successfully
[2023-08-17T11:00:34.376Z] undefined [32minfo[39m: Fetched All Employees Successfully
[2023-08-17T11:00:41.306Z] undefined [32minfo[39m: Fetched All Employees Successfully
[2023-08-17T11:29:23.249Z] undefined [32minfo[39m: Fetched All Employees Successfully
[2023-08-17T11:29:24.308Z] undefined [32minfo[39m: Fetched All Employees Successfully
[2023-08-17T11:29:26.828Z] undefined [32minfo[39m: Fetched Employee by ID Successfully
[2023-08-17T11:29:31.407Z] undefined [32minfo[39m: Fetched All Employees Successfully
[2023-08-17T11:30:54.259Z] undefined [32minfo[39m: Fetched All Employees Successfully
[2023-08-17T11:30:56.157Z] undefined [32minfo[39m: Fetched Employee by ID Successfully
[2023-08-17T11:32:15.395Z] undefined [32minfo[39m: Fetched All Employees Successfully
[2023-08-17T11:32:16.550Z] undefined [32minfo[39m: Fetched Employee by ID Successfully
[2023-08-17T11:32:19.123Z] undefined [32minfo[39m: Fetched Employee by ID Successfully
[2023-08-17T11:32:33.714Z] undefined [32minfo[39m: Fetched All Employees Successfully
[2023-08-17T11:32:34.699Z] undefined [32minfo[39m: Fetched Employee by ID Successfully
[2023-08-17T11:32:37.874Z] undefined [32minfo[39m: Fetched Employee by ID Successfully
[2023-08-17T11:33:14.364Z] undefined [32minfo[39m: Fetched All Employees Successfully
[2023-08-17T11:33:15.328Z] undefined [32minfo[39m: Fetched All Employees Successfully
[2023-08-17T11:33:16.562Z] undefined [32minfo[39m: Fetched Employee by ID Successfully
[2023-08-17T11:33:17.995Z] undefined [32minfo[39m: Fetched All Employees Successfully
[2023-08-17T11:33:19.932Z] undefined [32minfo[39m: Fetched Employee by ID Successfully
[2023-08-17T11:37:06.600Z] undefined [32minfo[39m: Fetched Employee by ID Successfully
[2023-08-17T11:37:06.706Z] undefined [32minfo[39m: Fetched Employee by ID Successfully
[2023-08-17T11:38:06.333Z] undefined [32minfo[39m: Fetched Employee by ID Successfully
[2023-08-17T11:38:16.535Z] undefined [32minfo[39m: Fetched Employee by ID Successfully
[2023-08-17T11:38:48.133Z] undefined [32minfo[39m: Fetched Employee by ID Successfully
[2023-08-17T11:38:53.149Z] undefined [32minfo[39m: Fetched Employee by ID Successfully
[2023-08-17T11:39:47.269Z] undefined [32minfo[39m: Fetched Employee by ID Successfully
[2023-08-17T11:43:54.703Z] undefined [32minfo[39m: Fetched Employee by ID Successfully
[2023-08-17T11:43:57.423Z] undefined [32minfo[39m: Fetched Employee by ID Successfully
[2023-08-17T11:46:34.304Z] undefined [32minfo[39m: Fetched All Employees Successfully
[2023-08-17T11:46:46.831Z] undefined [32minfo[39m: Logged In Successfully
[2023-08-17T11:47:04.377Z] undefined [32minfo[39m: Fetched All Employees Successfully
[2023-08-17T11:47:40.734Z] undefined [32minfo[39m: Deleted Employee Successfully
[2023-08-17T11:47:46.790Z] undefined [32minfo[39m: Deleted Employee Successfully
[2023-08-17T11:47:50.251Z] undefined [32minfo[39m: Deleted Employee Successfully
[2023-08-17T11:47:55.404Z] undefined [32minfo[39m: Fetched All Employees Successfully
[2023-08-17T11:47:57.041Z] undefined [32minfo[39m: Fetched Employee by ID Successfully
[2023-08-17T11:47:58.808Z] undefined [32minfo[39m: Fetched Employee by ID Successfully
[2023-08-17T11:48:05.304Z] undefined [32minfo[39m: Fetched Employee by ID Successfully
[2023-08-17T11:48:08.016Z] undefined [32minfo[39m: Fetched All Employees Successfully
[2023-08-17T11:48:09.316Z] undefined [32minfo[39m: Fetched Employee by ID Successfully
[2023-08-17T11:48:10.862Z] undefined [32minfo[39m: Fetched Employee by ID Successfully
[2023-08-17T11:48:14.993Z] undefined [32minfo[39m: Fetched Employee by ID Successfully
[2023-08-17T11:48:17.199Z] undefined [32minfo[39m: Fetched All Employees Successfully
[2023-08-17T11:48:18.682Z] undefined [32minfo[39m: Fetched Employee by ID Successfully
[2023-08-17T11:48:19.757Z] undefined [32minfo[39m: Fetched Employee by ID Successfully
[2023-08-17T11:48:23.664Z] undefined [32minfo[39m: Fetched Employee by ID Successfully
[2023-08-17T11:48:24.333Z] undefined [32minfo[39m: Fetched All Employees Successfully
[2023-08-17T11:48:25.519Z] undefined [32minfo[39m: Fetched All Employees Successfully
[2023-08-17T12:08:57.593Z] undefined [32minfo[39m: Logged In Successfully
[2023-08-17T12:08:57.616Z] undefined [32minfo[39m: Fetched All Employees Successfully
[2023-08-17T12:09:05.897Z] undefined [32minfo[39m: Fetched Employee by ID Successfully
[2023-08-17T12:10:38.350Z] undefined [32minfo[39m: Fetched Employee by ID Successfully
[2023-08-17T12:11:20.079Z] undefined [32minfo[39m: Fetched Employee by ID Successfully
[2023-08-17T12:16:06.333Z] undefined [32minfo[39m: Fetched Employee by ID Successfully
[2023-08-17T12:16:11.701Z] undefined [32minfo[39m: Fetched Employee by ID Successfully
[2023-08-17T12:16:16.842Z] undefined [32minfo[39m: Fetched Employee by ID Successfully
[2023-08-17T12:18:04.126Z] undefined [32minfo[39m: Fetched Employee by ID Successfully
[2023-08-17T12:18:04.260Z] undefined [32minfo[39m: Fetched Employee by ID Successfully
[2023-08-17T12:18:49.283Z] undefined [32minfo[39m: Fetched Employee by ID Successfully
[2023-08-17T12:19:01.067Z] undefined [32minfo[39m: Fetched Employee by ID Successfully
[2023-08-17T12:19:20.637Z] undefined [32minfo[39m: Fetched Employee by ID Successfully
[2023-08-17T12:19:39.345Z] undefined [32minfo[39m: Fetched Employee by ID Successfully
[2023-08-17T12:19:41.892Z] undefined [32minfo[39m: Fetched Employee by ID Successfully
[2023-08-17T12:19:45.395Z] undefined [32minfo[39m: Fetched Employee by ID Successfully
[2023-08-17T12:21:04.092Z] undefined [32minfo[39m: Fetched Employee by ID Successfully
[2023-08-17T12:23:46.874Z] undefined [32minfo[39m: Fetched Employee by ID Successfully
[2023-08-17T12:23:49.637Z] undefined [32minfo[39m: Fetched Employee by ID Successfully
[2023-08-17T12:23:51.012Z] undefined [32minfo[39m: Fetched Employee by ID Successfully
[2023-08-17T12:23:54.705Z] undefined [32minfo[39m: Fetched Employee by ID Successfully
[2023-08-17T12:24:58.959Z] undefined [32minfo[39m: Fetched Employee by ID Successfully
[2023-08-17T12:25:01.858Z] undefined [32minfo[39m: Fetched Employee by ID Successfully
[2023-08-17T12:25:04.110Z] undefined [32minfo[39m: Fetched Employee by ID Successfully
[2023-08-17T12:26:02.061Z] undefined [32minfo[39m: Fetched Employee by ID Successfully
[2023-08-17T12:27:50.765Z] undefined [32minfo[39m: Fetched Employee by ID Successfully
[2023-08-17T12:27:52.272Z] undefined [32minfo[39m: Fetched All Employees Successfully
[2023-08-17T12:27:58.888Z] undefined [32minfo[39m: Fetched Employee by ID Successfully
[2023-08-17T12:28:22.191Z] undefined [32minfo[39m: Fetched Employee by ID Successfully
[2023-08-17T12:28:56.439Z] undefined [32minfo[39m: Fetched Employee by ID Successfully
[2023-08-17T12:35:13.951Z] undefined [32minfo[39m: Fetched Employee by ID Successfully
[2023-08-17T12:35:35.156Z] undefined [32minfo[39m: Fetched Employee by ID Successfully
[2023-08-17T12:35:42.461Z] undefined [32minfo[39m: Updated Employee Successfully
[2023-08-17T12:35:46.386Z] undefined [32minfo[39m: Fetched All Employees Successfully
[2023-08-17T12:36:45.320Z] undefined [32minfo[39m: Added Employee Successfully
[2023-08-17T12:36:48.658Z] undefined [32minfo[39m: Fetched All Employees Successfully
[2023-08-17T12:38:12.197Z] undefined [32minfo[39m: Fetched Employee by ID Successfully
[2023-08-17T12:42:37.099Z] undefined [32minfo[39m: Fetched All Employees Successfully
[2023-08-17T12:42:38.765Z] undefined [32minfo[39m: Fetched All Employees Successfully
[2023-08-17T12:42:45.820Z] undefined [32minfo[39m: Fetched All Employees Successfully
[2023-08-17T12:44:14.462Z] undefined [32minfo[39m: Fetched All Employees Successfully
[2023-08-17T12:44:16.200Z] undefined [32minfo[39m: Fetched All Employees Successfully
[2023-08-17T12:44:52.613Z] undefined [32minfo[39m: Fetched All Employees Successfully
[2023-08-17T12:44:53.816Z] undefined [32minfo[39m: Fetched All Employees Successfully
[2023-08-17T12:54:14.914Z] undefined [32minfo[39m: Fetched All Employees Successfully
[2023-08-17T12:54:18.931Z] undefined [32minfo[39m: Fetched All Employees Successfully
[2023-08-17T12:57:43.176Z] undefined [32minfo[39m: Fetched All Employees Successfully
[2023-08-17T12:58:36.995Z] undefined [32minfo[39m: Fetched All Employees Successfully
[2023-08-17T12:58:40.810Z] undefined [32minfo[39m: Fetched All Employees Successfully
[2023-08-17T12:58:44.042Z] undefined [32minfo[39m: Deleted Employee Successfully
[2023-08-17T12:58:48.101Z] undefined [32minfo[39m: Fetched All Employees Successfully
[2023-08-17T13:00:01.245Z] undefined [32minfo[39m: Fetched All Employees Successfully
[2023-08-17T13:00:04.360Z] undefined [32minfo[39m: Fetched Employee by ID Successfully
[2023-08-17T13:00:08.014Z] undefined [32minfo[39m: Updated Employee Successfully
[2023-08-17T13:00:09.476Z] undefined [32minfo[39m: Fetched Employee by ID Successfully
[2023-08-17T13:00:11.046Z] undefined [32minfo[39m: Fetched All Employees Successfully
[2023-08-17T13:00:12.917Z] undefined [32minfo[39m: Fetched All Employees Successfully
[2023-08-17T13:00:15.405Z] undefined [32minfo[39m: Fetched Employee by ID Successfully
[2023-08-17T13:00:18.448Z] undefined [32minfo[39m: Updated Employee Successfully
[2023-08-17T13:00:19.843Z] undefined [32minfo[39m: Fetched Employee by ID Successfully
[2023-08-17T13:00:21.910Z] undefined [32minfo[39m: Fetched All Employees Successfully
[2023-08-17T13:00:23.441Z] undefined [32minfo[39m: Fetched All Employees Successfully
[2023-08-17T13:00:57.610Z] undefined [32minfo[39m: Fetched All Employees Successfully
[2023-08-17T13:00:59.474Z] undefined [32minfo[39m: Deleted Employee Successfully
[2023-08-17T13:01:02.375Z] undefined [32minfo[39m: Fetched All Employees Successfully
[2023-08-17T17:20:37.161Z] undefined [32minfo[39m: Logged In Successfully
[2023-08-17T17:20:37.212Z] undefined [32minfo[39m: Fetched All Employees Successfully
[2023-08-17T17:20:39.952Z] undefined [32minfo[39m: Fetched Employee by ID Successfully
[2023-08-17T17:20:43.899Z] undefined [32minfo[39m: Fetched Employee by ID Successfully
[2023-08-17T17:20:47.752Z] undefined [32minfo[39m: Updated Employee Successfully
[2023-08-17T17:20:49.583Z] undefined [32minfo[39m: Fetched All Employees Successfully
[2023-08-17T17:20:52.219Z] undefined [32minfo[39m: Fetched Employee by ID Successfully
[2023-08-17T17:20:54.407Z] undefined [32minfo[39m: Fetched All Employees Successfully
[2023-08-17T17:20:57.408Z] undefined [32minfo[39m: Fetched Employee by ID Successfully
[2023-08-17T17:21:01.437Z] undefined [32minfo[39m: Updated Employee Successfully
[2023-08-17T17:21:02.806Z] undefined [32minfo[39m: Fetched All Employees Successfully
[2023-08-17T17:21:06.738Z] undefined [32minfo[39m: Fetched Employee by ID Successfully
[2023-08-17T17:21:09.914Z] undefined [32minfo[39m: Updated Employee Successfully
[2023-08-17T17:21:11.292Z] undefined [32minfo[39m: Fetched All Employees Successfully
[2023-08-17T17:21:14.762Z] undefined [32minfo[39m: Fetched All Employees Successfully
[2023-08-17T17:32:40.394Z] undefined [32minfo[39m: Fetched All Employees Successfully
[2023-08-17T17:34:07.823Z] undefined [32minfo[39m: Fetched Employee by ID Successfully
[2023-08-17T17:34:11.007Z] undefined [32minfo[39m: Updated Employee Successfully
[2023-08-17T17:34:17.323Z] undefined [32minfo[39m: Fetched All Employees Successfully
[2023-08-17T17:36:23.361Z] undefined [32minfo[39m: Fetched Employee by ID Successfully
[2023-08-17T17:36:26.180Z] undefined [32minfo[39m: Updated Employee Successfully
[2023-08-17T17:36:26.181Z] undefined [32minfo[39m: Fetched All Employees Successfully
[2023-08-17T17:37:14.591Z] undefined [32minfo[39m: Fetched All Employees Successfully
[2023-08-17T17:37:19.630Z] undefined [32minfo[39m: Fetched All Employees Successfully
[2023-08-17T17:38:44.842Z] undefined [32minfo[39m: Fetched All Employees Successfully
[2023-08-17T17:38:44.917Z] undefined [32minfo[39m: Added Employee Successfully
[2023-08-17T17:38:44.929Z] undefined [32minfo[39m: Fetched All Employees Successfully
[2023-08-17T17:38:51.410Z] undefined [32minfo[39m: Deleted Employee Successfully
[2023-08-17T17:38:51.425Z] undefined [32minfo[39m: Fetched All Employees Successfully
[2023-08-17T17:39:20.386Z] undefined [32minfo[39m: Fetched All Employees Successfully
[2023-08-17T17:42:33.578Z] undefined [32minfo[39m: Logged In Successfully
[2023-08-17T17:43:05.128Z] undefined [32minfo[39m: Fetched All Employees Successfully
[2023-08-17T17:43:52.928Z] undefined [32minfo[39m: Logged In Successfully
[2023-08-17T17:43:53.009Z] undefined [32minfo[39m: Fetched All Employees Successfully
[2023-08-17T18:24:02.909Z] undefined [32minfo[39m: Fetched All Employees Successfully
[2023-08-17T18:24:20.306Z] undefined [32minfo[39m: Fetched All Employees Successfully
[2023-08-17T18:25:14.070Z] undefined [32minfo[39m: Fetched All Employees Successfully
[2023-08-17T18:26:41.281Z] undefined [32minfo[39m: Fetched All Employees Successfully
[2023-08-17T18:27:11.276Z] undefined [32minfo[39m: Logged In Successfully
[2023-08-17T18:27:11.310Z] undefined [32minfo[39m: Fetched All Employees Successfully
[2023-08-17T18:27:48.551Z] undefined [32minfo[39m: Fetched All Employees Successfully
[2023-08-17T18:27:48.612Z] undefined [32minfo[39m: Added Employee Successfully
[2023-08-17T18:27:48.628Z] undefined [32minfo[39m: Fetched All Employees Successfully
[2023-08-17T18:30:02.357Z] undefined [32minfo[39m: Fetched Employee by ID Successfully
[2023-08-17T18:30:07.792Z] undefined [32minfo[39m: Fetched All Employees Successfully
[2023-08-17T18:30:07.802Z] undefined [32minfo[39m: Updated Employee Successfully
[2023-08-17T18:30:07.817Z] undefined [32minfo[39m: Fetched All Employees Successfully
[2023-08-17T18:30:11.950Z] undefined [32minfo[39m: Fetched Employee by ID Successfully
[2023-08-17T18:30:15.709Z] undefined [32minfo[39m: Fetched All Employees Successfully
[2023-08-17T18:31:35.813Z] undefined [32minfo[39m: Logged In Successfully
[2023-08-17T18:53:01.752Z] undefined [32minfo[39m: Fetched All Employees Successfully
[2023-08-17T18:53:23.698Z] undefined [32minfo[39m: Logged In Successfully
[2023-08-17T18:53:23.878Z] undefined [32minfo[39m: Fetched All Employees Successfully
[2023-08-17T18:53:31.158Z] undefined [32minfo[39m: Fetched Employee by ID Successfully
[2023-08-17T18:53:33.668Z] undefined [32minfo[39m: Fetched All Employees Successfully
[2023-08-17T19:06:32.099Z] undefined [32minfo[39m: Fetched Employee by ID Successfully
[2023-08-17T19:06:34.164Z] undefined [32minfo[39m: Fetched All Employees Successfully
